[2026-01-27 08:16:39] local.ERROR: No application encryption key has been specified. {"exception":"[object] (Illuminate\\Encryption\\MissingAppKeyException(code: 0): No application encryption key has been specified. at D:/Coding/jwd-profile/vendor/laravel/framework/src/Illuminate/Encryption/EncryptionServiceProvider.php:79)
[stacktrace]
#0 D:/Coding/jwd-profile/vendor/laravel/framework/src/Illuminate/Support/helpers.php(320): Illuminate/Encryption/EncryptionServiceProvider->{closure:Illuminate/Encryption/EncryptionServiceProvider::key():77}()
#1 D:/Coding/jwd-profile/vendor/laravel/framework/src/Illuminate/Encryption/EncryptionServiceProvider.php(77): tap()
#2 D:/Coding/jwd-profile/vendor/laravel/framework/src/Illuminate/Encryption/EncryptionServiceProvider.php(60): Illuminate/Encryption/EncryptionServiceProvider->key()
#3 D:/Coding/jwd-profile/vendor/laravel/framework/src/Illuminate/Encryption/EncryptionServiceProvider.php(32): Illuminate/Encryption/EncryptionServiceProvider->parseKey()
#4 D:/Coding/jwd-profile/vendor/laravel/framework/src/Illuminate/Container/Container.php(908): Illuminate/Encryption/EncryptionServiceProvider->{closure:Illuminate/Encryption/EncryptionServiceProvider::registerEncrypter():29}()
#5 D:/Coding/jwd-profile/vendor/laravel/framework/src/Illuminate/Container/Container.php(795): Illuminate/Container/Container->build()
#6 D:/Coding/jwd-profile/vendor/laravel/framework/src/Illuminate/Foundation/Application.php(986): Illuminate/Container/Container->resolve()
#7 D:/Coding/jwd-profile/vendor/laravel/framework/src/Illuminate/Container/Container.php(731): Illuminate/Foundation/Application->resolve()
#8 D:/Coding/jwd-profile/vendor/laravel/framework/src/Illuminate/Foundation/Application.php(971): Illuminate/Container/Container->make()
#9 D:/Coding/jwd-profile/vendor/laravel/framework/src/Illuminate/Container/Container.php(1066): Illuminate/Foundation/Application->make()
#10 D:/Coding/jwd-profile/vendor/laravel/framework/src/Illuminate/Container/Container.php(982): Illuminate/Container/Container->resolveClass()
#11 D:/Coding/jwd-profile/vendor/laravel/framework/src/Illuminate/Container/Container.php(943): Illuminate/Container/Container->resolveDependencies()
#12 D:/Coding/jwd-profile/vendor/laravel/framework/src/Illuminate/Container/Container.php(795): Illuminate/Container/Container->build()
#13 D:/Coding/jwd-profile/vendor/laravel/framework/src/Illuminate/Foundation/Application.php(986): Illuminate/Container/Container->resolve()
#14 D:/Coding/jwd-profile/vendor/laravel/framework/src/Illuminate/Container/Container.php(731): Illuminate/Foundation/Application->resolve()
#15 D:/Coding/jwd-profile/vendor/laravel/framework/src/Illuminate/Foundation/Application.php(971): Illuminate/Container/Container->make()
#16 D:/Coding/jwd-profile/vendor/laravel/framework/src/Illuminate/Pipeline/Pipeline.php(172): Illuminate/Foundation/Application->make()
#17 D:/Coding/jwd-profile/vendor/laravel/framework/src/Illuminate/Pipeline/Pipeline.php(119): Illuminate/Pipeline/Pipeline->{closure:{closure:Illuminate/Pipeline/Pipeline::carry():158}:159}()
#18 D:/Coding/jwd-profile/vendor/laravel/framework/src/Illuminate/Routing/Router.php(805): Illuminate/Pipeline/Pipeline->then()
#19 D:/Coding/jwd-profile/vendor/laravel/framework/src/Illuminate/Routing/Router.php(784): Illuminate/Routing/Router->runRouteWithinStack()
#20 D:/Coding/jwd-profile/vendor/laravel/framework/src/Illuminate/Routing/Router.php(748): Illuminate/Routing/Router->runRoute()
#21 D:/Coding/jwd-profile/vendor/laravel/framework/src/Illuminate/Routing/Router.php(737): Illuminate/Routing/Router->dispatchToRoute()
#22 D:/Coding/jwd-profile/vendor/laravel/framework/src/Illuminate/Foundation/Http/Kernel.php(200): Illuminate/Routing/Router->dispatch()
#23 D:/Coding/jwd-profile/vendor/laravel/framework/src/Illuminate/Pipeline/Pipeline.php(144): Illuminate/Foundation/Http/Kernel->{closure:Illuminate/Foundation/Http/Kernel::dispatchToRouter():197}()
#24 D:/Coding/jwd-profile/vendor/laravel/framework/src/Illuminate/Foundation/Http/Middleware/TransformsRequest.php(21): Illuminate/Pipeline/Pipeline->{closure:Illuminate/Pipeline/Pipeline::prepareDestination():142}()
#25 D:/Coding/jwd-profile/vendor/laravel/framework/src/Illuminate/Foundation/Http/Middleware/ConvertEmptyStringsToNull.php(31): Illuminate/Foundation/Http/Middleware/TransformsRequest->handle()
#26 D:/Coding/jwd-profile/vendor/laravel/framework/src/Illuminate/Pipeline/Pipeline.php(183): Illuminate/Foundation/Http/Middleware/ConvertEmptyStringsToNull->handle()
#27 D:/Coding/jwd-profile/vendor/laravel/framework/src/Illuminate/Foundation/Http/Middleware/TransformsRequest.php(21): Illuminate/Pipeline/Pipeline->{closure:{closure:Illuminate/Pipeline/Pipeline::carry():158}:159}()
#28 D:/Coding/jwd-profile/vendor/laravel/framework/src/Illuminate/Foundation/Http/Middleware/TrimStrings.php(40): Illuminate/Foundation/Http/Middleware/TransformsRequest->handle()
#29 D:/Coding/jwd-profile/vendor/laravel/framework/src/Illuminate/Pipeline/Pipeline.php(183): Illuminate/Foundation/Http/Middleware/TrimStrings->handle()
#30 D:/Coding/jwd-profile/vendor/laravel/framework/src/Illuminate/Foundation/Http/Middleware/ValidatePostSize.php(27): Illuminate/Pipeline/Pipeline->{closure:{closure:Illuminate/Pipeline/Pipeline::carry():158}:159}()
#31 D:/Coding/jwd-profile/vendor/laravel/framework/src/Illuminate/Pipeline/Pipeline.php(183): Illuminate/Foundation/Http/Middleware/ValidatePostSize->handle()
#32 D:/Coding/jwd-profile/vendor/laravel/framework/src/Illuminate/Foundation/Http/Middleware/PreventRequestsDuringMaintenance.php(99): Illuminate/Pipeline/Pipeline->{closure:{closure:Illuminate/Pipeline/Pipeline::carry():158}:159}()
#33 D:/Coding/jwd-profile/vendor/laravel/framework/src/Illuminate/Pipeline/Pipeline.php(183): Illuminate/Foundation/Http/Middleware/PreventRequestsDuringMaintenance->handle()
#34 D:/Coding/jwd-profile/vendor/laravel/framework/src/Illuminate/Http/Middleware/HandleCors.php(49): Illuminate/Pipeline/Pipeline->{closure:{closure:Illuminate/Pipeline/Pipeline::carry():158}:159}()
#35 D:/Coding/jwd-profile/vendor/laravel/framework/src/Illuminate/Pipeline/Pipeline.php(183): Illuminate/Http/Middleware/HandleCors->handle()
#36 D:/Coding/jwd-profile/vendor/laravel/framework/src/Illuminate/Http/Middleware/TrustProxies.php(39): Illuminate/Pipeline/Pipeline->{closure:{closure:Illuminate/Pipeline/Pipeline::carry():158}:159}()
#37 D:/Coding/jwd-profile/vendor/laravel/framework/src/Illuminate/Pipeline/Pipeline.php(183): Illuminate/Http/Middleware/TrustProxies->handle()
#38 D:/Coding/jwd-profile/vendor/laravel/framework/src/Illuminate/Pipeline/Pipeline.php(119): Illuminate/Pipeline/Pipeline->{closure:{closure:Illuminate/Pipeline/Pipeline::carry():158}:159}()
#39 D:/Coding/jwd-profile/vendor/laravel/framework/src/Illuminate/Foundation/Http/Kernel.php(175): Illuminate/Pipeline/Pipeline->then()
#40 D:/Coding/jwd-profile/vendor/laravel/framework/src/Illuminate/Foundation/Http/Kernel.php(144): Illuminate/Foundation/Http/Kernel->sendRequestThroughRouter()
#41 D:/Coding/jwd-profile/public/index.php(51): Illuminate/Foundation/Http/Kernel->handle()
#42 D:/Coding/jwd-profile/vendor/laravel/framework/src/Illuminate/Foundation/resources/server.php(16): require_once('...')
#43 {main}
"} 
[2026-01-27 08:16:43] local.ERROR: No application encryption key has been specified. {"exception":"[object] (Illuminate\\Encryption\\MissingAppKeyException(code: 0): No application encryption key has been specified. at D:/Coding/jwd-profile/vendor/laravel/framework/src/Illuminate/Encryption/EncryptionServiceProvider.php:79)
[stacktrace]
#0 D:/Coding/jwd-profile/vendor/laravel/framework/src/Illuminate/Support/helpers.php(320): Illuminate/Encryption/EncryptionServiceProvider->{closure:Illuminate/Encryption/EncryptionServiceProvider::key():77}()
#1 D:/Coding/jwd-profile/vendor/laravel/framework/src/Illuminate/Encryption/EncryptionServiceProvider.php(77): tap()
#2 D:/Coding/jwd-profile/vendor/laravel/framework/src/Illuminate/Encryption/EncryptionServiceProvider.php(60): Illuminate/Encryption/EncryptionServiceProvider->key()
#3 D:/Coding/jwd-profile/vendor/laravel/framework/src/Illuminate/Encryption/EncryptionServiceProvider.php(32): Illuminate/Encryption/EncryptionServiceProvider->parseKey()
#4 D:/Coding/jwd-profile/vendor/laravel/framework/src/Illuminate/Container/Container.php(908): Illuminate/Encryption/EncryptionServiceProvider->{closure:Illuminate/Encryption/EncryptionServiceProvider::registerEncrypter():29}()
#5 D:/Coding/jwd-profile/vendor/laravel/framework/src/Illuminate/Container/Container.php(795): Illuminate/Container/Container->build()
#6 D:/Coding/jwd-profile/vendor/laravel/framework/src/Illuminate/Foundation/Application.php(986): Illuminate/Container/Container->resolve()
#7 D:/Coding/jwd-profile/vendor/laravel/framework/src/Illuminate/Container/Container.php(731): Illuminate/Foundation/Application->resolve()
#8 D:/Coding/jwd-profile/vendor/laravel/framework/src/Illuminate/Foundation/Application.php(971): Illuminate/Container/Container->make()
#9 D:/Coding/jwd-profile/vendor/laravel/framework/src/Illuminate/Container/Container.php(1066): Illuminate/Foundation/Application->make()
#10 D:/Coding/jwd-profile/vendor/laravel/framework/src/Illuminate/Container/Container.php(982): Illuminate/Container/Container->resolveClass()
#11 D:/Coding/jwd-profile/vendor/laravel/framework/src/Illuminate/Container/Container.php(943): Illuminate/Container/Container->resolveDependencies()
#12 D:/Coding/jwd-profile/vendor/laravel/framework/src/Illuminate/Container/Container.php(795): Illuminate/Container/Container->build()
#13 D:/Coding/jwd-profile/vendor/laravel/framework/src/Illuminate/Foundation/Application.php(986): Illuminate/Container/Container->resolve()
#14 D:/Coding/jwd-profile/vendor/laravel/framework/src/Illuminate/Container/Container.php(731): Illuminate/Foundation/Application->resolve()
#15 D:/Coding/jwd-profile/vendor/laravel/framework/src/Illuminate/Foundation/Application.php(971): Illuminate/Container/Container->make()
#16 D:/Coding/jwd-profile/vendor/laravel/framework/src/Illuminate/Foundation/Http/Kernel.php(255): Illuminate/Foundation/Application->make()
#17 D:/Coding/jwd-profile/vendor/laravel/framework/src/Illuminate/Foundation/Http/Kernel.php(213): Illuminate/Foundation/Http/Kernel->terminateMiddleware()
#18 D:/Coding/jwd-profile/public/index.php(55): Illuminate/Foundation/Http/Kernel->terminate()
#19 D:/Coding/jwd-profile/vendor/laravel/framework/src/Illuminate/Foundation/resources/server.php(16): require_once('...')
#20 {main}
"} 
[2026-01-27 18:24:59] local.ERROR: The "--columns" option does not exist. {"exception":"[object] (Symfony\\Component\\Console\\Exception\\RuntimeException(code: 0): The \"--columns\" option does not exist. at D:/Coding/jwd-profile/vendor/symfony/console/Input/ArgvInput.php:223)
[stacktrace]
#0 D:/Coding/jwd-profile/vendor/symfony/console/Input/ArgvInput.php(150): Symfony/Component/Console/Input/ArgvInput->addLongOption()
#1 D:/Coding/jwd-profile/vendor/symfony/console/Input/ArgvInput.php(85): Symfony/Component/Console/Input/ArgvInput->parseLongOption()
#2 D:/Coding/jwd-profile/vendor/symfony/console/Input/ArgvInput.php(74): Symfony/Component/Console/Input/ArgvInput->parseToken()
#3 D:/Coding/jwd-profile/vendor/symfony/console/Input/Input.php(56): Symfony/Component/Console/Input/ArgvInput->parse()
#4 D:/Coding/jwd-profile/vendor/symfony/console/Command/Command.php(285): Symfony/Component/Console/Input/Input->bind()
#5 D:/Coding/jwd-profile/vendor/laravel/framework/src/Illuminate/Console/Command.php(180): Symfony/Component/Console/Command/Command->run()
#6 D:/Coding/jwd-profile/vendor/symfony/console/Application.php(1106): Illuminate/Console/Command->run()
#7 D:/Coding/jwd-profile/vendor/symfony/console/Application.php(324): Symfony/Component/Console/Application->doRunCommand()
#8 D:/Coding/jwd-profile/vendor/symfony/console/Application.php(175): Symfony/Component/Console/Application->doRun()
#9 D:/Coding/jwd-profile/vendor/laravel/framework/src/Illuminate/Foundation/Console/Kernel.php(201): Symfony/Component/Console/Application->run()
#10 D:/Coding/jwd-profile/artisan(35): Illuminate/Foundation/Console/Kernel->handle()
#11 {main}
"} 
[2026-01-27 18:25:03] local.ERROR: The "--columns" option does not exist. {"exception":"[object] (Symfony\\Component\\Console\\Exception\\RuntimeException(code: 0): The \"--columns\" option does not exist. at D:/Coding/jwd-profile/vendor/symfony/console/Input/ArgvInput.php:223)
[stacktrace]
#0 D:/Coding/jwd-profile/vendor/symfony/console/Input/ArgvInput.php(150): Symfony/Component/Console/Input/ArgvInput->addLongOption()
#1 D:/Coding/jwd-profile/vendor/symfony/console/Input/ArgvInput.php(85): Symfony/Component/Console/Input/ArgvInput->parseLongOption()
#2 D:/Coding/jwd-profile/vendor/symfony/console/Input/ArgvInput.php(74): Symfony/Component/Console/Input/ArgvInput->parseToken()
#3 D:/Coding/jwd-profile/vendor/symfony/console/Input/Input.php(56): Symfony/Component/Console/Input/ArgvInput->parse()
#4 D:/Coding/jwd-profile/vendor/symfony/console/Command/Command.php(285): Symfony/Component/Console/Input/Input->bind()
#5 D:/Coding/jwd-profile/vendor/laravel/framework/src/Illuminate/Console/Command.php(180): Symfony/Component/Console/Command/Command->run()
#6 D:/Coding/jwd-profile/vendor/symfony/console/Application.php(1106): Illuminate/Console/Command->run()
#7 D:/Coding/jwd-profile/vendor/symfony/console/Application.php(324): Symfony/Component/Console/Application->doRunCommand()
#8 D:/Coding/jwd-profile/vendor/symfony/console/Application.php(175): Symfony/Component/Console/Application->doRun()
#9 D:/Coding/jwd-profile/vendor/laravel/framework/src/Illuminate/Foundation/Console/Kernel.php(201): Symfony/Component/Console/Application->run()
#10 D:/Coding/jwd-profile/artisan(35): Illuminate/Foundation/Console/Kernel->handle()
#11 {main}
"} 
[2026-01-28 05:16:11] local.ERROR: The "--columns" option does not exist. {"exception":"[object] (Symfony\\Component\\Console\\Exception\\RuntimeException(code: 0): The \"--columns\" option does not exist. at D:/Coding/jwd-profile/vendor/symfony/console/Input/ArgvInput.php:223)
[stacktrace]
#0 D:/Coding/jwd-profile/vendor/symfony/console/Input/ArgvInput.php(150): Symfony/Component/Console/Input/ArgvInput->addLongOption()
#1 D:/Coding/jwd-profile/vendor/symfony/console/Input/ArgvInput.php(85): Symfony/Component/Console/Input/ArgvInput->parseLongOption()
#2 D:/Coding/jwd-profile/vendor/symfony/console/Input/ArgvInput.php(74): Symfony/Component/Console/Input/ArgvInput->parseToken()
#3 D:/Coding/jwd-profile/vendor/symfony/console/Input/Input.php(56): Symfony/Component/Console/Input/ArgvInput->parse()
#4 D:/Coding/jwd-profile/vendor/symfony/console/Command/Command.php(285): Symfony/Component/Console/Input/Input->bind()
#5 D:/Coding/jwd-profile/vendor/laravel/framework/src/Illuminate/Console/Command.php(180): Symfony/Component/Console/Command/Command->run()
#6 D:/Coding/jwd-profile/vendor/symfony/console/Application.php(1106): Illuminate/Console/Command->run()
#7 D:/Coding/jwd-profile/vendor/symfony/console/Application.php(324): Symfony/Component/Console/Application->doRunCommand()
#8 D:/Coding/jwd-profile/vendor/symfony/console/Application.php(175): Symfony/Component/Console/Application->doRun()
#9 D:/Coding/jwd-profile/vendor/laravel/framework/src/Illuminate/Foundation/Console/Kernel.php(201): Symfony/Component/Console/Application->run()
#10 D:/Coding/jwd-profile/artisan(35): Illuminate/Foundation/Console/Kernel->handle()
#11 {main}
"} 
[2026-01-28 05:16:15] local.ERROR: The "--columns" option does not exist. {"exception":"[object] (Symfony\\Component\\Console\\Exception\\RuntimeException(code: 0): The \"--columns\" option does not exist. at D:/Coding/jwd-profile/vendor/symfony/console/Input/ArgvInput.php:223)
[stacktrace]
#0 D:/Coding/jwd-profile/vendor/symfony/console/Input/ArgvInput.php(150): Symfony/Component/Console/Input/ArgvInput->addLongOption()
#1 D:/Coding/jwd-profile/vendor/symfony/console/Input/ArgvInput.php(85): Symfony/Component/Console/Input/ArgvInput->parseLongOption()
#2 D:/Coding/jwd-profile/vendor/symfony/console/Input/ArgvInput.php(74): Symfony/Component/Console/Input/ArgvInput->parseToken()
#3 D:/Coding/jwd-profile/vendor/symfony/console/Input/Input.php(56): Symfony/Component/Console/Input/ArgvInput->parse()
#4 D:/Coding/jwd-profile/vendor/symfony/console/Command/Command.php(285): Symfony/Component/Console/Input/Input->bind()
#5 D:/Coding/jwd-profile/vendor/laravel/framework/src/Illuminate/Console/Command.php(180): Symfony/Component/Console/Command/Command->run()
#6 D:/Coding/jwd-profile/vendor/symfony/console/Application.php(1106): Illuminate/Console/Command->run()
#7 D:/Coding/jwd-profile/vendor/symfony/console/Application.php(324): Symfony/Component/Console/Application->doRunCommand()
#8 D:/Coding/jwd-profile/vendor/symfony/console/Application.php(175): Symfony/Component/Console/Application->doRun()
#9 D:/Coding/jwd-profile/vendor/laravel/framework/src/Illuminate/Foundation/Console/Kernel.php(201): Symfony/Component/Console/Application->run()
#10 D:/Coding/jwd-profile/artisan(35): Illuminate/Foundation/Console/Kernel->handle()
#11 {main}
"} 
[2026-01-28 05:16:18] local.ERROR: The "--columns" option does not exist. {"exception":"[object] (Symfony\\Component\\Console\\Exception\\RuntimeException(code: 0): The \"--columns\" option does not exist. at D:/Coding/jwd-profile/vendor/symfony/console/Input/ArgvInput.php:223)
[stacktrace]
#0 D:/Coding/jwd-profile/vendor/symfony/console/Input/ArgvInput.php(150): Symfony/Component/Console/Input/ArgvInput->addLongOption()
#1 D:/Coding/jwd-profile/vendor/symfony/console/Input/ArgvInput.php(85): Symfony/Component/Console/Input/ArgvInput->parseLongOption()
#2 D:/Coding/jwd-profile/vendor/symfony/console/Input/ArgvInput.php(74): Symfony/Component/Console/Input/ArgvInput->parseToken()
#3 D:/Coding/jwd-profile/vendor/symfony/console/Input/Input.php(56): Symfony/Component/Console/Input/ArgvInput->parse()
#4 D:/Coding/jwd-profile/vendor/symfony/console/Command/Command.php(285): Symfony/Component/Console/Input/Input->bind()
#5 D:/Coding/jwd-profile/vendor/laravel/framework/src/Illuminate/Console/Command.php(180): Symfony/Component/Console/Command/Command->run()
#6 D:/Coding/jwd-profile/vendor/symfony/console/Application.php(1106): Illuminate/Console/Command->run()
#7 D:/Coding/jwd-profile/vendor/symfony/console/Application.php(324): Symfony/Component/Console/Application->doRunCommand()
#8 D:/Coding/jwd-profile/vendor/symfony/console/Application.php(175): Symfony/Component/Console/Application->doRun()
#9 D:/Coding/jwd-profile/vendor/laravel/framework/src/Illuminate/Foundation/Console/Kernel.php(201): Symfony/Component/Console/Application->run()
#10 D:/Coding/jwd-profile/artisan(35): Illuminate/Foundation/Console/Kernel->handle()
#11 {main}
"} 
[2026-01-28 05:42:04] local.ERROR: There are no commands defined in the "db:" namespace.

Did you mean this?
    db {"exception":"[object] (Symfony\\Component\\Console\\Exception\\NamespaceNotFoundException(code: 0): There are no commands defined in the \"db:\" namespace.

Did you mean this?
    db at D:/Coding/jwd-profile/vendor/symfony/console/Application.php:678)
[stacktrace]
#0 D:/Coding/jwd-profile/vendor/symfony/console/Application.php(729): Symfony/Component/Console/Application->findNamespace()
#1 D:/Coding/jwd-profile/vendor/symfony/console/Application.php(266): Symfony/Component/Console/Application->find()
#2 D:/Coding/jwd-profile/vendor/symfony/console/Application.php(175): Symfony/Component/Console/Application->doRun()
#3 D:/Coding/jwd-profile/vendor/laravel/framework/src/Illuminate/Foundation/Console/Kernel.php(201): Symfony/Component/Console/Application->run()
#4 D:/Coding/jwd-profile/artisan(35): Illuminate/Foundation/Console/Kernel->handle()
#5 {main}
"} 
[2026-01-28 05:42:29] local.ERROR: SQLSTATE[HY000] [2002] No connection could be made because the target machine actively refused it (Connection: mysql, SQL: insert into `users` (`name`, `email`, `email_verified_at`, `password`, `remember_token`, `updated_at`, `created_at`) values (Admin, admin@app.com, 2026-01-28 05:42:20, $2y$12$SsEWzn5auFA093JJBRFRw.4bj7OtT1ji/LQPvjbK1gAJS1orvE4fG, SLrqEX8QPP, 2026-01-28 05:42:21, 2026-01-28 05:42:21)) {"exception":"[object] (Illuminate\\Database\\QueryException(code: 2002): SQLSTATE[HY000] [2002] No connection could be made because the target machine actively refused it (Connection: mysql, SQL: insert into `users` (`name`, `email`, `email_verified_at`, `password`, `remember_token`, `updated_at`, `created_at`) values (Admin, admin@app.com, 2026-01-28 05:42:20, $2y$12$SsEWzn5auFA093JJBRFRw.4bj7OtT1ji/LQPvjbK1gAJS1orvE4fG, SLrqEX8QPP, 2026-01-28 05:42:21, 2026-01-28 05:42:21)) at D:/Coding/jwd-profile/vendor/laravel/framework/src/Illuminate/Database/Connection.php:829)
[stacktrace]
#0 D:/Coding/jwd-profile/vendor/laravel/framework/src/Illuminate/Database/Connection.php(983): Illuminate/Database/Connection->runQueryCallback()
#1 D:/Coding/jwd-profile/vendor/laravel/framework/src/Illuminate/Database/Connection.php(962): Illuminate/Database/Connection->tryAgainIfCausedByLostConnection()
#2 D:/Coding/jwd-profile/vendor/laravel/framework/src/Illuminate/Database/Connection.php(785): Illuminate/Database/Connection->handleQueryException()
#3 D:/Coding/jwd-profile/vendor/laravel/framework/src/Illuminate/Database/MySqlConnection.php(34): Illuminate/Database/Connection->run()
#4 D:/Coding/jwd-profile/vendor/laravel/framework/src/Illuminate/Database/Query/Processors/MySqlProcessor.php(35): Illuminate/Database/MySqlConnection->insert()
#5 D:/Coding/jwd-profile/vendor/laravel/framework/src/Illuminate/Database/Query/Builder.php(3549): Illuminate/Database/Query/Processors/MySqlProcessor->processInsertGetId()
#6 D:/Coding/jwd-profile/vendor/laravel/framework/src/Illuminate/Database/Eloquent/Builder.php(1982): Illuminate/Database/Query/Builder->insertGetId()
#7 D:/Coding/jwd-profile/vendor/laravel/framework/src/Illuminate/Database/Eloquent/Model.php(1334): Illuminate/Database/Eloquent/Builder->__call()
#8 D:/Coding/jwd-profile/vendor/laravel/framework/src/Illuminate/Database/Eloquent/Model.php(1299): Illuminate/Database/Eloquent/Model->insertAndSetId()
#9 D:/Coding/jwd-profile/vendor/laravel/framework/src/Illuminate/Database/Eloquent/Model.php(1138): Illuminate/Database/Eloquent/Model->performInsert()
#10 D:/Coding/jwd-profile/vendor/laravel/framework/src/Illuminate/Database/Eloquent/Factories/Factory.php(338): Illuminate/Database/Eloquent/Model->save()
#11 D:/Coding/jwd-profile/vendor/laravel/framework/src/Illuminate/Collections/Traits/EnumeratesValues.php(240): Illuminate/Database/Eloquent/Factories/Factory->{closure:Illuminate/Database/Eloquent/Factories/Factory::store():333}()
#12 D:/Coding/jwd-profile/vendor/laravel/framework/src/Illuminate/Database/Eloquent/Factories/Factory.php(333): Illuminate/Support/Collection->each()
#13 D:/Coding/jwd-profile/vendor/laravel/framework/src/Illuminate/Database/Eloquent/Factories/Factory.php(287): Illuminate/Database/Eloquent/Factories/Factory->store()
#14 D:/Coding/jwd-profile/vendor/laravel/framework/src/Illuminate/Database/Eloquent/Factories/Factory.php(281): Illuminate/Database/Eloquent/Factories/Factory->create()
#15 D:/Coding/jwd-profile/database/seeders/DatabaseSeeder.php(17): Illuminate/Database/Eloquent/Factories/Factory->create()
#16 D:/Coding/jwd-profile/vendor/laravel/framework/src/Illuminate/Container/BoundMethod.php(36): Database/Seeders/DatabaseSeeder->run()
#17 D:/Coding/jwd-profile/vendor/laravel/framework/src/Illuminate/Container/Util.php(41): Illuminate/Container/BoundMethod::{closure:Illuminate/Container/BoundMethod::call():35}()
#18 D:/Coding/jwd-profile/vendor/laravel/framework/src/Illuminate/Container/BoundMethod.php(93): Illuminate/Container/Util::unwrapIfClosure()
#19 D:/Coding/jwd-profile/vendor/laravel/framework/src/Illuminate/Container/BoundMethod.php(35): Illuminate/Container/BoundMethod::callBoundMethod()
#20 D:/Coding/jwd-profile/vendor/laravel/framework/src/Illuminate/Container/Container.php(662): Illuminate/Container/BoundMethod::call()
#21 D:/Coding/jwd-profile/vendor/laravel/framework/src/Illuminate/Database/Seeder.php(184): Illuminate/Container/Container->call()
#22 D:/Coding/jwd-profile/vendor/laravel/framework/src/Illuminate/Database/Seeder.php(193): Illuminate/Database/Seeder->{closure:Illuminate/Database/Seeder::__invoke():183}()
#23 D:/Coding/jwd-profile/vendor/laravel/framework/src/Illuminate/Database/Console/Seeds/SeedCommand.php(70): Illuminate/Database/Seeder->__invoke()
#24 D:/Coding/jwd-profile/vendor/laravel/framework/src/Illuminate/Database/Eloquent/Concerns/GuardsAttributes.php(155): Illuminate/Database/Console/Seeds/SeedCommand->{closure:Illuminate/Database/Console/Seeds/SeedCommand::handle():69}()
#25 D:/Coding/jwd-profile/vendor/laravel/framework/src/Illuminate/Database/Console/Seeds/SeedCommand.php(69): Illuminate/Database/Eloquent/Model::unguarded()
#26 D:/Coding/jwd-profile/vendor/laravel/framework/src/Illuminate/Container/BoundMethod.php(36): Illuminate/Database/Console/Seeds/SeedCommand->handle()
#27 D:/Coding/jwd-profile/vendor/laravel/framework/src/Illuminate/Container/Util.php(41): Illuminate/Container/BoundMethod::{closure:Illuminate/Container/BoundMethod::call():35}()
#28 D:/Coding/jwd-profile/vendor/laravel/framework/src/Illuminate/Container/BoundMethod.php(93): Illuminate/Container/Util::unwrapIfClosure()
#29 D:/Coding/jwd-profile/vendor/laravel/framework/src/Illuminate/Container/BoundMethod.php(35): Illuminate/Container/BoundMethod::callBoundMethod()
#30 D:/Coding/jwd-profile/vendor/laravel/framework/src/Illuminate/Container/Container.php(662): Illuminate/Container/BoundMethod::call()
#31 D:/Coding/jwd-profile/vendor/laravel/framework/src/Illuminate/Console/Command.php(211): Illuminate/Container/Container->call()
#32 D:/Coding/jwd-profile/vendor/symfony/console/Command/Command.php(326): Illuminate/Console/Command->execute()
#33 D:/Coding/jwd-profile/vendor/laravel/framework/src/Illuminate/Console/Command.php(180): Symfony/Component/Console/Command/Command->run()
#34 D:/Coding/jwd-profile/vendor/symfony/console/Application.php(1106): Illuminate/Console/Command->run()
#35 D:/Coding/jwd-profile/vendor/symfony/console/Application.php(324): Symfony/Component/Console/Application->doRunCommand()
#36 D:/Coding/jwd-profile/vendor/symfony/console/Application.php(175): Symfony/Component/Console/Application->doRun()
#37 D:/Coding/jwd-profile/vendor/laravel/framework/src/Illuminate/Foundation/Console/Kernel.php(201): Symfony/Component/Console/Application->run()
#38 D:/Coding/jwd-profile/artisan(35): Illuminate/Foundation/Console/Kernel->handle()
#39 {main}

[previous exception] [object] (PDOException(code: 2002): SQLSTATE[HY000] [2002] No connection could be made because the target machine actively refused it at D:/Coding/jwd-profile/vendor/laravel/framework/src/Illuminate/Database/Connectors/Connector.php:65)
[stacktrace]
#0 D:/Coding/jwd-profile/vendor/laravel/framework/src/Illuminate/Database/Connectors/Connector.php(65): PDO->__construct()
#1 D:/Coding/jwd-profile/vendor/laravel/framework/src/Illuminate/Database/Connectors/Connector.php(83): Illuminate/Database/Connectors/Connector->createPdoConnection()
#2 D:/Coding/jwd-profile/vendor/laravel/framework/src/Illuminate/Database/Connectors/Connector.php(48): Illuminate/Database/Connectors/Connector->tryAgainIfCausedByLostConnection()
#3 D:/Coding/jwd-profile/vendor/laravel/framework/src/Illuminate/Database/Connectors/MySqlConnector.php(24): Illuminate/Database/Connectors/Connector->createConnection()
#4 D:/Coding/jwd-profile/vendor/laravel/framework/src/Illuminate/Database/Connectors/ConnectionFactory.php(184): Illuminate/Database/Connectors/MySqlConnector->connect()
#5 [internal function]: Illuminate/Database/Connectors/ConnectionFactory->{closure:Illuminate/Database/Connectors/ConnectionFactory::createPdoResolverWithHosts():179}()
#6 D:/Coding/jwd-profile/vendor/laravel/framework/src/Illuminate/Database/Connection.php(1339): call_user_func()
#7 D:/Coding/jwd-profile/vendor/laravel/framework/src/Illuminate/Database/MySqlConnection.php(39): Illuminate/Database/Connection->getPdo()
#8 D:/Coding/jwd-profile/vendor/laravel/framework/src/Illuminate/Database/Connection.php(816): Illuminate/Database/MySqlConnection->{closure:Illuminate/Database/MySqlConnection::insert():34}()
#9 D:/Coding/jwd-profile/vendor/laravel/framework/src/Illuminate/Database/Connection.php(983): Illuminate/Database/Connection->runQueryCallback()
#10 D:/Coding/jwd-profile/vendor/laravel/framework/src/Illuminate/Database/Connection.php(962): Illuminate/Database/Connection->tryAgainIfCausedByLostConnection()
#11 D:/Coding/jwd-profile/vendor/laravel/framework/src/Illuminate/Database/Connection.php(785): Illuminate/Database/Connection->handleQueryException()
#12 D:/Coding/jwd-profile/vendor/laravel/framework/src/Illuminate/Database/MySqlConnection.php(34): Illuminate/Database/Connection->run()
#13 D:/Coding/jwd-profile/vendor/laravel/framework/src/Illuminate/Database/Query/Processors/MySqlProcessor.php(35): Illuminate/Database/MySqlConnection->insert()
#14 D:/Coding/jwd-profile/vendor/laravel/framework/src/Illuminate/Database/Query/Builder.php(3549): Illuminate/Database/Query/Processors/MySqlProcessor->processInsertGetId()
#15 D:/Coding/jwd-profile/vendor/laravel/framework/src/Illuminate/Database/Eloquent/Builder.php(1982): Illuminate/Database/Query/Builder->insertGetId()
#16 D:/Coding/jwd-profile/vendor/laravel/framework/src/Illuminate/Database/Eloquent/Model.php(1334): Illuminate/Database/Eloquent/Builder->__call()
#17 D:/Coding/jwd-profile/vendor/laravel/framework/src/Illuminate/Database/Eloquent/Model.php(1299): Illuminate/Database/Eloquent/Model->insertAndSetId()
#18 D:/Coding/jwd-profile/vendor/laravel/framework/src/Illuminate/Database/Eloquent/Model.php(1138): Illuminate/Database/Eloquent/Model->performInsert()
#19 D:/Coding/jwd-profile/vendor/laravel/framework/src/Illuminate/Database/Eloquent/Factories/Factory.php(338): Illuminate/Database/Eloquent/Model->save()
#20 D:/Coding/jwd-profile/vendor/laravel/framework/src/Illuminate/Collections/Traits/EnumeratesValues.php(240): Illuminate/Database/Eloquent/Factories/Factory->{closure:Illuminate/Database/Eloquent/Factories/Factory::store():333}()
#21 D:/Coding/jwd-profile/vendor/laravel/framework/src/Illuminate/Database/Eloquent/Factories/Factory.php(333): Illuminate/Support/Collection->each()
#22 D:/Coding/jwd-profile/vendor/laravel/framework/src/Illuminate/Database/Eloquent/Factories/Factory.php(287): Illuminate/Database/Eloquent/Factories/Factory->store()
#23 D:/Coding/jwd-profile/vendor/laravel/framework/src/Illuminate/Database/Eloquent/Factories/Factory.php(281): Illuminate/Database/Eloquent/Factories/Factory->create()
#24 D:/Coding/jwd-profile/database/seeders/DatabaseSeeder.php(17): Illuminate/Database/Eloquent/Factories/Factory->create()
#25 D:/Coding/jwd-profile/vendor/laravel/framework/src/Illuminate/Container/BoundMethod.php(36): Database/Seeders/DatabaseSeeder->run()
#26 D:/Coding/jwd-profile/vendor/laravel/framework/src/Illuminate/Container/Util.php(41): Illuminate/Container/BoundMethod::{closure:Illuminate/Container/BoundMethod::call():35}()
#27 D:/Coding/jwd-profile/vendor/laravel/framework/src/Illuminate/Container/BoundMethod.php(93): Illuminate/Container/Util::unwrapIfClosure()
#28 D:/Coding/jwd-profile/vendor/laravel/framework/src/Illuminate/Container/BoundMethod.php(35): Illuminate/Container/BoundMethod::callBoundMethod()
#29 D:/Coding/jwd-profile/vendor/laravel/framework/src/Illuminate/Container/Container.php(662): Illuminate/Container/BoundMethod::call()
#30 D:/Coding/jwd-profile/vendor/laravel/framework/src/Illuminate/Database/Seeder.php(184): Illuminate/Container/Container->call()
#31 D:/Coding/jwd-profile/vendor/laravel/framework/src/Illuminate/Database/Seeder.php(193): Illuminate/Database/Seeder->{closure:Illuminate/Database/Seeder::__invoke():183}()
#32 D:/Coding/jwd-profile/vendor/laravel/framework/src/Illuminate/Database/Console/Seeds/SeedCommand.php(70): Illuminate/Database/Seeder->__invoke()
#33 D:/Coding/jwd-profile/vendor/laravel/framework/src/Illuminate/Database/Eloquent/Concerns/GuardsAttributes.php(155): Illuminate/Database/Console/Seeds/SeedCommand->{closure:Illuminate/Database/Console/Seeds/SeedCommand::handle():69}()
#34 D:/Coding/jwd-profile/vendor/laravel/framework/src/Illuminate/Database/Console/Seeds/SeedCommand.php(69): Illuminate/Database/Eloquent/Model::unguarded()
#35 D:/Coding/jwd-profile/vendor/laravel/framework/src/Illuminate/Container/BoundMethod.php(36): Illuminate/Database/Console/Seeds/SeedCommand->handle()
#36 D:/Coding/jwd-profile/vendor/laravel/framework/src/Illuminate/Container/Util.php(41): Illuminate/Container/BoundMethod::{closure:Illuminate/Container/BoundMethod::call():35}()
#37 D:/Coding/jwd-profile/vendor/laravel/framework/src/Illuminate/Container/BoundMethod.php(93): Illuminate/Container/Util::unwrapIfClosure()
#38 D:/Coding/jwd-profile/vendor/laravel/framework/src/Illuminate/Container/BoundMethod.php(35): Illuminate/Container/BoundMethod::callBoundMethod()
#39 D:/Coding/jwd-profile/vendor/laravel/framework/src/Illuminate/Container/Container.php(662): Illuminate/Container/BoundMethod::call()
#40 D:/Coding/jwd-profile/vendor/laravel/framework/src/Illuminate/Console/Command.php(211): Illuminate/Container/Container->call()
#41 D:/Coding/jwd-profile/vendor/symfony/console/Command/Command.php(326): Illuminate/Console/Command->execute()
#42 D:/Coding/jwd-profile/vendor/laravel/framework/src/Illuminate/Console/Command.php(180): Symfony/Component/Console/Command/Command->run()
#43 D:/Coding/jwd-profile/vendor/symfony/console/Application.php(1106): Illuminate/Console/Command->run()
#44 D:/Coding/jwd-profile/vendor/symfony/console/Application.php(324): Symfony/Component/Console/Application->doRunCommand()
#45 D:/Coding/jwd-profile/vendor/symfony/console/Application.php(175): Symfony/Component/Console/Application->doRun()
#46 D:/Coding/jwd-profile/vendor/laravel/framework/src/Illuminate/Foundation/Console/Kernel.php(201): Symfony/Component/Console/Application->run()
#47 D:/Coding/jwd-profile/artisan(35): Illuminate/Foundation/Console/Kernel->handle()
#48 {main}
"} 
[2026-01-28 06:59:15] local.ERROR: Route [login] not defined. {"exception":"[object] (Symfony\\Component\\Routing\\Exception\\RouteNotFoundException(code: 0): Route [login] not defined. at D:/Coding/jwd-profile/vendor/laravel/framework/src/Illuminate/Routing/UrlGenerator.php:477)
[stacktrace]
#0 D:/Coding/jwd-profile/vendor/laravel/framework/src/Illuminate/Foundation/helpers.php(811): Illuminate/Routing/UrlGenerator->route()
#1 D:/Coding/jwd-profile/app/Http/Middleware/Authenticate.php(15): route()
#2 D:/Coding/jwd-profile/vendor/laravel/framework/src/Illuminate/Auth/Middleware/Authenticate.php(96): App/Http/Middleware/Authenticate->redirectTo()
#3 D:/Coding/jwd-profile/vendor/laravel/framework/src/Illuminate/Auth/Middleware/Authenticate.php(81): Illuminate/Auth/Middleware/Authenticate->unauthenticated()
#4 D:/Coding/jwd-profile/vendor/laravel/framework/src/Illuminate/Auth/Middleware/Authenticate.php(55): Illuminate/Auth/Middleware/Authenticate->authenticate()
#5 D:/Coding/jwd-profile/vendor/laravel/framework/src/Illuminate/Pipeline/Pipeline.php(183): Illuminate/Auth/Middleware/Authenticate->handle()
#6 D:/Coding/jwd-profile/vendor/laravel/framework/src/Illuminate/Pipeline/Pipeline.php(119): Illuminate/Pipeline/Pipeline->{closure:{closure:Illuminate/Pipeline/Pipeline::carry():158}:159}()
#7 D:/Coding/jwd-profile/vendor/laravel/framework/src/Illuminate/Routing/Router.php(805): Illuminate/Pipeline/Pipeline->then()
#8 D:/Coding/jwd-profile/vendor/laravel/framework/src/Illuminate/Routing/Router.php(784): Illuminate/Routing/Router->runRouteWithinStack()
#9 D:/Coding/jwd-profile/vendor/laravel/framework/src/Illuminate/Routing/Router.php(748): Illuminate/Routing/Router->runRoute()
#10 D:/Coding/jwd-profile/vendor/laravel/framework/src/Illuminate/Routing/Router.php(737): Illuminate/Routing/Router->dispatchToRoute()
#11 D:/Coding/jwd-profile/vendor/laravel/framework/src/Illuminate/Foundation/Http/Kernel.php(200): Illuminate/Routing/Router->dispatch()
#12 D:/Coding/jwd-profile/vendor/laravel/framework/src/Illuminate/Pipeline/Pipeline.php(144): Illuminate/Foundation/Http/Kernel->{closure:Illuminate/Foundation/Http/Kernel::dispatchToRouter():197}()
#13 D:/Coding/jwd-profile/vendor/laravel/framework/src/Illuminate/Foundation/Http/Middleware/TransformsRequest.php(21): Illuminate/Pipeline/Pipeline->{closure:Illuminate/Pipeline/Pipeline::prepareDestination():142}()
#14 D:/Coding/jwd-profile/vendor/laravel/framework/src/Illuminate/Foundation/Http/Middleware/ConvertEmptyStringsToNull.php(31): Illuminate/Foundation/Http/Middleware/TransformsRequest->handle()
#15 D:/Coding/jwd-profile/vendor/laravel/framework/src/Illuminate/Pipeline/Pipeline.php(183): Illuminate/Foundation/Http/Middleware/ConvertEmptyStringsToNull->handle()
#16 D:/Coding/jwd-profile/vendor/laravel/framework/src/Illuminate/Foundation/Http/Middleware/TransformsRequest.php(21): Illuminate/Pipeline/Pipeline->{closure:{closure:Illuminate/Pipeline/Pipeline::carry():158}:159}()
#17 D:/Coding/jwd-profile/vendor/laravel/framework/src/Illuminate/Foundation/Http/Middleware/TrimStrings.php(40): Illuminate/Foundation/Http/Middleware/TransformsRequest->handle()
#18 D:/Coding/jwd-profile/vendor/laravel/framework/src/Illuminate/Pipeline/Pipeline.php(183): Illuminate/Foundation/Http/Middleware/TrimStrings->handle()
#19 D:/Coding/jwd-profile/vendor/laravel/framework/src/Illuminate/Foundation/Http/Middleware/ValidatePostSize.php(27): Illuminate/Pipeline/Pipeline->{closure:{closure:Illuminate/Pipeline/Pipeline::carry():158}:159}()
#20 D:/Coding/jwd-profile/vendor/laravel/framework/src/Illuminate/Pipeline/Pipeline.php(183): Illuminate/Foundation/Http/Middleware/ValidatePostSize->handle()
#21 D:/Coding/jwd-profile/vendor/laravel/framework/src/Illuminate/Foundation/Http/Middleware/PreventRequestsDuringMaintenance.php(99): Illuminate/Pipeline/Pipeline->{closure:{closure:Illuminate/Pipeline/Pipeline::carry():158}:159}()
#22 D:/Coding/jwd-profile/vendor/laravel/framework/src/Illuminate/Pipeline/Pipeline.php(183): Illuminate/Foundation/Http/Middleware/PreventRequestsDuringMaintenance->handle()
#23 D:/Coding/jwd-profile/vendor/laravel/framework/src/Illuminate/Http/Middleware/HandleCors.php(62): Illuminate/Pipeline/Pipeline->{closure:{closure:Illuminate/Pipeline/Pipeline::carry():158}:159}()
#24 D:/Coding/jwd-profile/vendor/laravel/framework/src/Illuminate/Pipeline/Pipeline.php(183): Illuminate/Http/Middleware/HandleCors->handle()
#25 D:/Coding/jwd-profile/vendor/laravel/framework/src/Illuminate/Http/Middleware/TrustProxies.php(39): Illuminate/Pipeline/Pipeline->{closure:{closure:Illuminate/Pipeline/Pipeline::carry():158}:159}()
#26 D:/Coding/jwd-profile/vendor/laravel/framework/src/Illuminate/Pipeline/Pipeline.php(183): Illuminate/Http/Middleware/TrustProxies->handle()
#27 D:/Coding/jwd-profile/vendor/laravel/framework/src/Illuminate/Pipeline/Pipeline.php(119): Illuminate/Pipeline/Pipeline->{closure:{closure:Illuminate/Pipeline/Pipeline::carry():158}:159}()
#28 D:/Coding/jwd-profile/vendor/laravel/framework/src/Illuminate/Foundation/Http/Kernel.php(175): Illuminate/Pipeline/Pipeline->then()
#29 D:/Coding/jwd-profile/vendor/laravel/framework/src/Illuminate/Foundation/Http/Kernel.php(144): Illuminate/Foundation/Http/Kernel->sendRequestThroughRouter()
#30 D:/Coding/jwd-profile/public/index.php(51): Illuminate/Foundation/Http/Kernel->handle()
#31 D:/Coding/jwd-profile/vendor/laravel/framework/src/Illuminate/Foundation/resources/server.php(16): require_once('...')
#32 {main}
"} 
[2026-01-30 03:39:50] local.ERROR: The "--columns" option does not exist. {"exception":"[object] (Symfony\\Component\\Console\\Exception\\RuntimeException(code: 0): The \"--columns\" option does not exist. at D:/Coding/jwd-profile/vendor/symfony/console/Input/ArgvInput.php:223)
[stacktrace]
#0 D:/Coding/jwd-profile/vendor/symfony/console/Input/ArgvInput.php(150): Symfony/Component/Console/Input/ArgvInput->addLongOption()
#1 D:/Coding/jwd-profile/vendor/symfony/console/Input/ArgvInput.php(85): Symfony/Component/Console/Input/ArgvInput->parseLongOption()
#2 D:/Coding/jwd-profile/vendor/symfony/console/Input/ArgvInput.php(74): Symfony/Component/Console/Input/ArgvInput->parseToken()
#3 D:/Coding/jwd-profile/vendor/symfony/console/Input/Input.php(56): Symfony/Component/Console/Input/ArgvInput->parse()
#4 D:/Coding/jwd-profile/vendor/symfony/console/Command/Command.php(285): Symfony/Component/Console/Input/Input->bind()
#5 D:/Coding/jwd-profile/vendor/laravel/framework/src/Illuminate/Console/Command.php(180): Symfony/Component/Console/Command/Command->run()
#6 D:/Coding/jwd-profile/vendor/symfony/console/Application.php(1106): Illuminate/Console/Command->run()
#7 D:/Coding/jwd-profile/vendor/symfony/console/Application.php(324): Symfony/Component/Console/Application->doRunCommand()
#8 D:/Coding/jwd-profile/vendor/symfony/console/Application.php(175): Symfony/Component/Console/Application->doRun()
#9 D:/Coding/jwd-profile/vendor/laravel/framework/src/Illuminate/Foundation/Console/Kernel.php(201): Symfony/Component/Console/Application->run()
#10 D:/Coding/jwd-profile/artisan(35): Illuminate/Foundation/Console/Kernel->handle()
#11 {main}
"} 
[2026-01-30 03:39:53] local.ERROR: The "--columns" option does not exist. {"exception":"[object] (Symfony\\Component\\Console\\Exception\\RuntimeException(code: 0): The \"--columns\" option does not exist. at D:/Coding/jwd-profile/vendor/symfony/console/Input/ArgvInput.php:223)
[stacktrace]
#0 D:/Coding/jwd-profile/vendor/symfony/console/Input/ArgvInput.php(150): Symfony/Component/Console/Input/ArgvInput->addLongOption()
#1 D:/Coding/jwd-profile/vendor/symfony/console/Input/ArgvInput.php(85): Symfony/Component/Console/Input/ArgvInput->parseLongOption()
#2 D:/Coding/jwd-profile/vendor/symfony/console/Input/ArgvInput.php(74): Symfony/Component/Console/Input/ArgvInput->parseToken()
#3 D:/Coding/jwd-profile/vendor/symfony/console/Input/Input.php(56): Symfony/Component/Console/Input/ArgvInput->parse()
#4 D:/Coding/jwd-profile/vendor/symfony/console/Command/Command.php(285): Symfony/Component/Console/Input/Input->bind()
#5 D:/Coding/jwd-profile/vendor/laravel/framework/src/Illuminate/Console/Command.php(180): Symfony/Component/Console/Command/Command->run()
#6 D:/Coding/jwd-profile/vendor/symfony/console/Application.php(1106): Illuminate/Console/Command->run()
#7 D:/Coding/jwd-profile/vendor/symfony/console/Application.php(324): Symfony/Component/Console/Application->doRunCommand()
#8 D:/Coding/jwd-profile/vendor/symfony/console/Application.php(175): Symfony/Component/Console/Application->doRun()
#9 D:/Coding/jwd-profile/vendor/laravel/framework/src/Illuminate/Foundation/Console/Kernel.php(201): Symfony/Component/Console/Application->run()
#10 D:/Coding/jwd-profile/artisan(35): Illuminate/Foundation/Console/Kernel->handle()
#11 {main}
"} 
[2026-01-30 03:39:56] local.ERROR: The "--columns" option does not exist. {"exception":"[object] (Symfony\\Component\\Console\\Exception\\RuntimeException(code: 0): The \"--columns\" option does not exist. at D:/Coding/jwd-profile/vendor/symfony/console/Input/ArgvInput.php:223)
[stacktrace]
#0 D:/Coding/jwd-profile/vendor/symfony/console/Input/ArgvInput.php(150): Symfony/Component/Console/Input/ArgvInput->addLongOption()
#1 D:/Coding/jwd-profile/vendor/symfony/console/Input/ArgvInput.php(85): Symfony/Component/Console/Input/ArgvInput->parseLongOption()
#2 D:/Coding/jwd-profile/vendor/symfony/console/Input/ArgvInput.php(74): Symfony/Component/Console/Input/ArgvInput->parseToken()
#3 D:/Coding/jwd-profile/vendor/symfony/console/Input/Input.php(56): Symfony/Component/Console/Input/ArgvInput->parse()
#4 D:/Coding/jwd-profile/vendor/symfony/console/Command/Command.php(285): Symfony/Component/Console/Input/Input->bind()
#5 D:/Coding/jwd-profile/vendor/laravel/framework/src/Illuminate/Console/Command.php(180): Symfony/Component/Console/Command/Command->run()
#6 D:/Coding/jwd-profile/vendor/symfony/console/Application.php(1106): Illuminate/Console/Command->run()
#7 D:/Coding/jwd-profile/vendor/symfony/console/Application.php(324): Symfony/Component/Console/Application->doRunCommand()
#8 D:/Coding/jwd-profile/vendor/symfony/console/Application.php(175): Symfony/Component/Console/Application->doRun()
#9 D:/Coding/jwd-profile/vendor/laravel/framework/src/Illuminate/Foundation/Console/Kernel.php(201): Symfony/Component/Console/Application->run()
#10 D:/Coding/jwd-profile/artisan(35): Illuminate/Foundation/Console/Kernel->handle()
#11 {main}
"} 
[2026-02-03 07:44:30] local.ERROR: The "--columns" option does not exist. {"exception":"[object] (Symfony\\Component\\Console\\Exception\\RuntimeException(code: 0): The \"--columns\" option does not exist. at D:/Coding/jwd-profile/vendor/symfony/console/Input/ArgvInput.php:223)
[stacktrace]
#0 D:/Coding/jwd-profile/vendor/symfony/console/Input/ArgvInput.php(150): Symfony/Component/Console/Input/ArgvInput->addLongOption()
#1 D:/Coding/jwd-profile/vendor/symfony/console/Input/ArgvInput.php(85): Symfony/Component/Console/Input/ArgvInput->parseLongOption()
#2 D:/Coding/jwd-profile/vendor/symfony/console/Input/ArgvInput.php(74): Symfony/Component/Console/Input/ArgvInput->parseToken()
#3 D:/Coding/jwd-profile/vendor/symfony/console/Input/Input.php(56): Symfony/Component/Console/Input/ArgvInput->parse()
#4 D:/Coding/jwd-profile/vendor/symfony/console/Command/Command.php(285): Symfony/Component/Console/Input/Input->bind()
#5 D:/Coding/jwd-profile/vendor/laravel/framework/src/Illuminate/Console/Command.php(180): Symfony/Component/Console/Command/Command->run()
#6 D:/Coding/jwd-profile/vendor/symfony/console/Application.php(1106): Illuminate/Console/Command->run()
#7 D:/Coding/jwd-profile/vendor/symfony/console/Application.php(324): Symfony/Component/Console/Application->doRunCommand()
#8 D:/Coding/jwd-profile/vendor/symfony/console/Application.php(175): Symfony/Component/Console/Application->doRun()
#9 D:/Coding/jwd-profile/vendor/laravel/framework/src/Illuminate/Foundation/Console/Kernel.php(201): Symfony/Component/Console/Application->run()
#10 D:/Coding/jwd-profile/artisan(35): Illuminate/Foundation/Console/Kernel->handle()
#11 {main}
"} 
[2026-02-03 07:44:33] local.ERROR: The "--columns" option does not exist. {"exception":"[object] (Symfony\\Component\\Console\\Exception\\RuntimeException(code: 0): The \"--columns\" option does not exist. at D:/Coding/jwd-profile/vendor/symfony/console/Input/ArgvInput.php:223)
[stacktrace]
#0 D:/Coding/jwd-profile/vendor/symfony/console/Input/ArgvInput.php(150): Symfony/Component/Console/Input/ArgvInput->addLongOption()
#1 D:/Coding/jwd-profile/vendor/symfony/console/Input/ArgvInput.php(85): Symfony/Component/Console/Input/ArgvInput->parseLongOption()
#2 D:/Coding/jwd-profile/vendor/symfony/console/Input/ArgvInput.php(74): Symfony/Component/Console/Input/ArgvInput->parseToken()
#3 D:/Coding/jwd-profile/vendor/symfony/console/Input/Input.php(56): Symfony/Component/Console/Input/ArgvInput->parse()
#4 D:/Coding/jwd-profile/vendor/symfony/console/Command/Command.php(285): Symfony/Component/Console/Input/Input->bind()
#5 D:/Coding/jwd-profile/vendor/laravel/framework/src/Illuminate/Console/Command.php(180): Symfony/Component/Console/Command/Command->run()
#6 D:/Coding/jwd-profile/vendor/symfony/console/Application.php(1106): Illuminate/Console/Command->run()
#7 D:/Coding/jwd-profile/vendor/symfony/console/Application.php(324): Symfony/Component/Console/Application->doRunCommand()
#8 D:/Coding/jwd-profile/vendor/symfony/console/Application.php(175): Symfony/Component/Console/Application->doRun()
#9 D:/Coding/jwd-profile/vendor/laravel/framework/src/Illuminate/Foundation/Console/Kernel.php(201): Symfony/Component/Console/Application->run()
#10 D:/Coding/jwd-profile/artisan(35): Illuminate/Foundation/Console/Kernel->handle()
#11 {main}
"} 
[2026-02-03 07:44:36] local.ERROR: The "--columns" option does not exist. {"exception":"[object] (Symfony\\Component\\Console\\Exception\\RuntimeException(code: 0): The \"--columns\" option does not exist. at D:/Coding/jwd-profile/vendor/symfony/console/Input/ArgvInput.php:223)
[stacktrace]
#0 D:/Coding/jwd-profile/vendor/symfony/console/Input/ArgvInput.php(150): Symfony/Component/Console/Input/ArgvInput->addLongOption()
#1 D:/Coding/jwd-profile/vendor/symfony/console/Input/ArgvInput.php(85): Symfony/Component/Console/Input/ArgvInput->parseLongOption()
#2 D:/Coding/jwd-profile/vendor/symfony/console/Input/ArgvInput.php(74): Symfony/Component/Console/Input/ArgvInput->parseToken()
#3 D:/Coding/jwd-profile/vendor/symfony/console/Input/Input.php(56): Symfony/Component/Console/Input/ArgvInput->parse()
#4 D:/Coding/jwd-profile/vendor/symfony/console/Command/Command.php(285): Symfony/Component/Console/Input/Input->bind()
#5 D:/Coding/jwd-profile/vendor/laravel/framework/src/Illuminate/Console/Command.php(180): Symfony/Component/Console/Command/Command->run()
#6 D:/Coding/jwd-profile/vendor/symfony/console/Application.php(1106): Illuminate/Console/Command->run()
#7 D:/Coding/jwd-profile/vendor/symfony/console/Application.php(324): Symfony/Component/Console/Application->doRunCommand()
#8 D:/Coding/jwd-profile/vendor/symfony/console/Application.php(175): Symfony/Component/Console/Application->doRun()
#9 D:/Coding/jwd-profile/vendor/laravel/framework/src/Illuminate/Foundation/Console/Kernel.php(201): Symfony/Component/Console/Application->run()
#10 D:/Coding/jwd-profile/artisan(35): Illuminate/Foundation/Console/Kernel->handle()
#11 {main}
"} 
[2026-02-03 08:38:47] local.ERROR: The "--columns" option does not exist. {"exception":"[object] (Symfony\\Component\\Console\\Exception\\RuntimeException(code: 0): The \"--columns\" option does not exist. at D:/Coding/jwd-profile/vendor/symfony/console/Input/ArgvInput.php:223)
[stacktrace]
#0 D:/Coding/jwd-profile/vendor/symfony/console/Input/ArgvInput.php(150): Symfony/Component/Console/Input/ArgvInput->addLongOption()
#1 D:/Coding/jwd-profile/vendor/symfony/console/Input/ArgvInput.php(85): Symfony/Component/Console/Input/ArgvInput->parseLongOption()
#2 D:/Coding/jwd-profile/vendor/symfony/console/Input/ArgvInput.php(74): Symfony/Component/Console/Input/ArgvInput->parseToken()
#3 D:/Coding/jwd-profile/vendor/symfony/console/Input/Input.php(56): Symfony/Component/Console/Input/ArgvInput->parse()
#4 D:/Coding/jwd-profile/vendor/symfony/console/Command/Command.php(285): Symfony/Component/Console/Input/Input->bind()
#5 D:/Coding/jwd-profile/vendor/laravel/framework/src/Illuminate/Console/Command.php(180): Symfony/Component/Console/Command/Command->run()
#6 D:/Coding/jwd-profile/vendor/symfony/console/Application.php(1106): Illuminate/Console/Command->run()
#7 D:/Coding/jwd-profile/vendor/symfony/console/Application.php(324): Symfony/Component/Console/Application->doRunCommand()
#8 D:/Coding/jwd-profile/vendor/symfony/console/Application.php(175): Symfony/Component/Console/Application->doRun()
#9 D:/Coding/jwd-profile/vendor/laravel/framework/src/Illuminate/Foundation/Console/Kernel.php(201): Symfony/Component/Console/Application->run()
#10 D:/Coding/jwd-profile/artisan(35): Illuminate/Foundation/Console/Kernel->handle()
#11 {main}
"} 
[2026-02-03 08:38:50] local.ERROR: The "--columns" option does not exist. {"exception":"[object] (Symfony\\Component\\Console\\Exception\\RuntimeException(code: 0): The \"--columns\" option does not exist. at D:/Coding/jwd-profile/vendor/symfony/console/Input/ArgvInput.php:223)
[stacktrace]
#0 D:/Coding/jwd-profile/vendor/symfony/console/Input/ArgvInput.php(150): Symfony/Component/Console/Input/ArgvInput->addLongOption()
#1 D:/Coding/jwd-profile/vendor/symfony/console/Input/ArgvInput.php(85): Symfony/Component/Console/Input/ArgvInput->parseLongOption()
#2 D:/Coding/jwd-profile/vendor/symfony/console/Input/ArgvInput.php(74): Symfony/Component/Console/Input/ArgvInput->parseToken()
#3 D:/Coding/jwd-profile/vendor/symfony/console/Input/Input.php(56): Symfony/Component/Console/Input/ArgvInput->parse()
#4 D:/Coding/jwd-profile/vendor/symfony/console/Command/Command.php(285): Symfony/Component/Console/Input/Input->bind()
#5 D:/Coding/jwd-profile/vendor/laravel/framework/src/Illuminate/Console/Command.php(180): Symfony/Component/Console/Command/Command->run()
#6 D:/Coding/jwd-profile/vendor/symfony/console/Application.php(1106): Illuminate/Console/Command->run()
#7 D:/Coding/jwd-profile/vendor/symfony/console/Application.php(324): Symfony/Component/Console/Application->doRunCommand()
#8 D:/Coding/jwd-profile/vendor/symfony/console/Application.php(175): Symfony/Component/Console/Application->doRun()
#9 D:/Coding/jwd-profile/vendor/laravel/framework/src/Illuminate/Foundation/Console/Kernel.php(201): Symfony/Component/Console/Application->run()
#10 D:/Coding/jwd-profile/artisan(35): Illuminate/Foundation/Console/Kernel->handle()
#11 {main}
"} 
[2026-02-03 08:38:52] local.ERROR: The "--columns" option does not exist. {"exception":"[object] (Symfony\\Component\\Console\\Exception\\RuntimeException(code: 0): The \"--columns\" option does not exist. at D:/Coding/jwd-profile/vendor/symfony/console/Input/ArgvInput.php:223)
[stacktrace]
#0 D:/Coding/jwd-profile/vendor/symfony/console/Input/ArgvInput.php(150): Symfony/Component/Console/Input/ArgvInput->addLongOption()
#1 D:/Coding/jwd-profile/vendor/symfony/console/Input/ArgvInput.php(85): Symfony/Component/Console/Input/ArgvInput->parseLongOption()
#2 D:/Coding/jwd-profile/vendor/symfony/console/Input/ArgvInput.php(74): Symfony/Component/Console/Input/ArgvInput->parseToken()
#3 D:/Coding/jwd-profile/vendor/symfony/console/Input/Input.php(56): Symfony/Component/Console/Input/ArgvInput->parse()
#4 D:/Coding/jwd-profile/vendor/symfony/console/Command/Command.php(285): Symfony/Component/Console/Input/Input->bind()
#5 D:/Coding/jwd-profile/vendor/laravel/framework/src/Illuminate/Console/Command.php(180): Symfony/Component/Console/Command/Command->run()
#6 D:/Coding/jwd-profile/vendor/symfony/console/Application.php(1106): Illuminate/Console/Command->run()
#7 D:/Coding/jwd-profile/vendor/symfony/console/Application.php(324): Symfony/Component/Console/Application->doRunCommand()
#8 D:/Coding/jwd-profile/vendor/symfony/console/Application.php(175): Symfony/Component/Console/Application->doRun()
#9 D:/Coding/jwd-profile/vendor/laravel/framework/src/Illuminate/Foundation/Console/Kernel.php(201): Symfony/Component/Console/Application->run()
#10 D:/Coding/jwd-profile/artisan(35): Illuminate/Foundation/Console/Kernel->handle()
#11 {main}
"} 
